WARNING: Package name "OnlinePotholeDetection" does not follow the naming conventions. It should start with a lower case letter and only contain lower case letters, digits, underscores, and dashes.
[ 33%] Built target OnlinePotholeDetection_gencfg
Scanning dependencies of target ransac_node
[ 66%] Building CXX object OnlinePotholeDetection/CMakeFiles/ransac_node.dir/src/ransac_node.cpp.o
In file included from /usr/include/pcl-1.8/pcl/sample_consensus/sac_model.h:52:0,
                 from /usr/include/pcl-1.8/pcl/sample_consensus/sac.h:45,
                 from /usr/include/pcl-1.8/pcl/sample_consensus/ransac.h:44,
                 from /home/dtu/Desktop/new_catkin_ws/src/OnlinePotholeDetection/src/ransac_node.cpp:9:
/usr/include/pcl-1.8/pcl/sample_consensus/model_types.h: In function ‘void __static_initialization_and_destruction_0(int, int)’:
/usr/include/pcl-1.8/pcl/sample_consensus/model_types.h:99:3: warning: ‘pcl::SAC_SAMPLE_SIZE’ is deprecated: This map is deprecated and is kept only to prevent breaking existing user code. Starting from PCL 1.8.0 model sample size is a protected member of the SampleConsensusModel class [-Wdeprecated-declarations]
   SAC_SAMPLE_SIZE (sample_size_pairs, sample_size_pairs + sizeof (sample_size_pairs) / sizeof (SampleSizeModel));
   ^~~~~~~~~~~~~~~
/usr/include/pcl-1.8/pcl/sample_consensus/model_types.h:99:3: note: declared here
[100%] Linking CXX executable /home/dtu/Desktop/new_catkin_ws/devel/lib/OnlinePotholeDetection/ransac_node
[100%] Built target ransac_node
Base path: /home/dtu/Desktop/new_catkin_ws
Source space: /home/dtu/Desktop/new_catkin_ws/src
Build space: /home/dtu/Desktop/new_catkin_ws/build
Devel space: /home/dtu/Desktop/new_catkin_ws/devel
Install space: /home/dtu/Desktop/new_catkin_ws/install
####
#### Running command: "make cmake_check_build_system" in "/home/dtu/Desktop/new_catkin_ws/build"
####
####
#### Running command: "make -j12 -l12" in "/home/dtu/Desktop/new_catkin_ws/build"
####
